<?xml version="1.0" encoding="UTF-8"?>
<!-- Generated by org.testng.reporters.JUnitReportReporter -->
<testsuite skipped="0" hostname="Tejessrihari" name="com.Chiller.Pom.Test.SignUpFormWithDataDrivenTesting" tests="3" failures="0" timestamp="27 May 2020 17:38:24 GMT" time="3.050" errors="0">
  <testcase name="signUpForm" time="0.646" classname="com.Chiller.Pom.Test.SignUpFormWithDataDrivenTesting"/>
  <testcase name="signUpForm" time="0.668" classname="com.Chiller.Pom.Test.SignUpFormWithDataDrivenTesting"/>
  <testcase name="signUpForm" time="1.736" classname="com.Chiller.Pom.Test.SignUpFormWithDataDrivenTesting"/>
</testsuite> <!-- com.Chiller.Pom.Test.SignUpFormWithDataDrivenTesting -->
